[debug] [2022-12-04T14:50:28.759Z] ----------------------------------------------------------------------
[debug] [2022-12-04T14:50:28.763Z] Command:       /usr/bin/node /usr/bin/firebase init
[debug] [2022-12-04T14:50:28.764Z] CLI Version:   11.16.1
[debug] [2022-12-04T14:50:28.764Z] Platform:      linux
[debug] [2022-12-04T14:50:28.765Z] Node Version:  v18.9.0
[debug] [2022-12-04T14:50:28.765Z] Time:          Sun Dec 04 2022 20:20:28 GMT+0530 (India Standard Time)
[debug] [2022-12-04T14:50:28.766Z] ----------------------------------------------------------------------
[debug] 
[debug] [2022-12-04T14:50:28.776Z] > command requires scopes: ["email","openid","https://www.googleapis.com/auth/cloudplatformprojects.readonly","https://www.googleapis.com/auth/firebase","https://www.googleapis.com/auth/cloud-platform"]
[debug] [2022-12-04T14:50:28.777Z] > authorizing via signed-in user (lokeshvasnik1602@gmail.com)
[info] 
     ######## #### ########  ######## ########     ###     ######  ########
     ##        ##  ##     ## ##       ##     ##  ##   ##  ##       ##
     ######    ##  ########  ######   ########  #########  ######  ######
     ##        ##  ##    ##  ##       ##     ## ##     ##       ## ##
     ##       #### ##     ## ######## ########  ##     ##  ######  ########

You're about to initialize a Firebase project in this directory:

  /home/spencer/Documents/Personal_Project/ReactPortfolioWebsite/lokesh-vasnik

[info] 
=== Project Setup
[info] 
[info] First, let's associate this project directory with a Firebase project.
[info] You can create multiple project aliases by running firebase use --add, 
[info] but for now we'll just set up a default project.
[info] 
[debug] [2022-12-04T14:50:43.911Z] >>> [apiv2][query] GET https://firebase.googleapis.com/v1beta1/projects pageSize=100
[debug] [2022-12-04T14:50:44.955Z] <<< [apiv2][status] GET https://firebase.googleapis.com/v1beta1/projects 200
[debug] [2022-12-04T14:50:44.955Z] <<< [apiv2][body] GET https://firebase.googleapis.com/v1beta1/projects [omitted]
[info] i  Using project portfolio-2d224 (Portfolio) 
[info] 
=== Hosting Setup
[info] 
[info] Your public directory is the folder (relative to your project directory) that
[info] will contain Hosting assets to be uploaded with firebase deploy. If you
[info] have a build process for your assets, use your build's output directory.
[info] 
[info] ✔  Wrote public/404.html 
[debug] [2022-12-04T14:51:24.529Z] >>> [apiv2][query] GET https://www.gstatic.com/firebasejs/releases.json [none]
[debug] [2022-12-04T14:51:24.679Z] <<< [apiv2][status] GET https://www.gstatic.com/firebasejs/releases.json 200
[debug] [2022-12-04T14:51:24.680Z] <<< [apiv2][body] GET https://www.gstatic.com/firebasejs/releases.json {"current":{"version":"9.14.0","browserURL":"https://www.gstatic.com/firebasejs/9.14.0/firebase.js","packageURL":"https://www.gstatic.com/firebasejs/9.14.0/firebase.tgz"},"live":{"version":"9.14","browserURL":"https://www.gstatic.com/firebasejs/live/9.14/firebase.js","packageURL":"https://www.gstatic.com/firebasejs/live/9.14/firebase.tgz"},"components":{"analytics":"https://www.gstatic.com/firebasejs/9.14.0/firebase-analytics.js","app":"https://www.gstatic.com/firebasejs/9.14.0/firebase-app.js","app-check":"https://www.gstatic.com/firebasejs/9.14.0/firebase-app-check.js","auth":"https://www.gstatic.com/firebasejs/9.14.0/firebase-auth.js","auth/cordova":"https://www.gstatic.com/firebasejs/9.14.0/firebase-auth/cordova.js","auth/react-native":"https://www.gstatic.com/firebasejs/9.14.0/firebase-auth/react-native.js","functions":"https://www.gstatic.com/firebasejs/9.14.0/firebase-functions.js","firestore":"https://www.gstatic.com/firebasejs/9.14.0/firebase-firestore.js","firestore/lite":"https://www.gstatic.com/firebasejs/9.14.0/firebase-firestore/lite.js","installations":"https://www.gstatic.com/firebasejs/9.14.0/firebase-installations.js","storage":"https://www.gstatic.com/firebasejs/9.14.0/firebase-storage.js","performance":"https://www.gstatic.com/firebasejs/9.14.0/firebase-performance.js","remote-config":"https://www.gstatic.com/firebasejs/9.14.0/firebase-remote-config.js","messaging":"https://www.gstatic.com/firebasejs/9.14.0/firebase-messaging.js","messaging/sw":"https://www.gstatic.com/firebasejs/9.14.0/firebase-messaging/sw.js","database":"https://www.gstatic.com/firebasejs/9.14.0/firebase-database.js","firestore.memory":"https://www.gstatic.com/firebasejs/9.14.0/firebase-firestore.memory.js"}}
[info] i  Skipping write of public/index.html 
[info] 
[info] i  Detected a .git folder at /home/spencer/Documents/Personal_Project/ReactPortfolioWebsite/lokesh-vasnik 
[info] i  Authorizing with GitHub to upload your service account to a GitHub repository's secrets store. 
[info] 
[info] Visit this URL on this device to log in:
[info] https://github.com/login/oauth/authorize?client_id=89cf50f02ac6aaed3484&state=697603921&redirect_uri=http%3A%2F%2Flocalhost%3A9005&scope=read%3Auser%20repo%20public_repo
[info] 
[info] Waiting for authentication...
[debug] [2022-12-04T14:51:55.768Z] >>> [apiv2][query] POST https://github.com/login/oauth/access_token [none]
[debug] [2022-12-04T14:51:55.769Z] >>> [apiv2][body] POST https://github.com/login/oauth/access_token [stream]
[debug] [2022-12-04T14:51:56.123Z] <<< [apiv2][status] POST https://github.com/login/oauth/access_token 200
[debug] [2022-12-04T14:51:56.123Z] <<< [apiv2][body] POST https://github.com/login/oauth/access_token {"access_token":"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","token_type":"bearer","scope":"read:user,repo"}
[debug] [2022-12-04T14:51:56.132Z] >>> [apiv2][query] GET https://api.github.com/user [none]
[debug] [2022-12-04T14:51:56.528Z] <<< [apiv2][status] GET https://api.github.com/user 200
[debug] [2022-12-04T14:51:56.528Z] <<< [apiv2][body] GET https://api.github.com/user {"login":"lokeshvasnik","id":91425128,"node_id":"MDQ6VXNlcjkxNDI1MTI4","avatar_url":"https://avatars.githubusercontent.com/u/91425128?v=4","gravatar_id":"","url":"https://api.github.com/users/lokeshvasnik","html_url":"https://github.com/lokeshvasnik","followers_url":"https://api.github.com/users/lokeshvasnik/followers","following_url":"https://api.github.com/users/lokeshvasnik/following{/other_user}","gists_url":"https://api.github.com/users/lokeshvasnik/gists{/gist_id}","starred_url":"https://api.github.com/users/lokeshvasnik/starred{/owner}{/repo}","subscriptions_url":"https://api.github.com/users/lokeshvasnik/subscriptions","organizations_url":"https://api.github.com/users/lokeshvasnik/orgs","repos_url":"https://api.github.com/users/lokeshvasnik/repos","events_url":"https://api.github.com/users/lokeshvasnik/events{/privacy}","received_events_url":"https://api.github.com/users/lokeshvasnik/received_events","type":"User","site_admin":false,"name":"Lokesh Vasnik","company":null,"blog":"https://lokeshvasnik.netlify.app/","location":null,"email":null,"hireable":null,"bio":"Im a Front-end Web Developer all about me is im a quick coder learning various technologies and implementing them in my day to day life..\r\n ","twitter_username":null,"public_repos":16,"public_gists":0,"followers":0,"following":0,"created_at":"2021-09-26T15:20:31Z","updated_at":"2022-11-27T10:31:32Z","private_gists":0,"total_private_repos":11,"owned_private_repos":11,"disk_usage":56099,"collaborators":0,"two_factor_authentication":false,"plan":{"name":"free","space":976562499,"collaborators":0,"private_repos":10000}}
[info] 
[info] ✔  Success! Logged into GitHub as lokeshvasnik 
[info] 
